running develop
running egg_info
creating arena_perception_pkg.egg-info
writing arena_perception_pkg.egg-info/PKG-INFO
writing dependency_links to arena_perception_pkg.egg-info/dependency_links.txt
writing entry points to arena_perception_pkg.egg-info/entry_points.txt
writing requirements to arena_perception_pkg.egg-info/requires.txt
writing top-level names to arena_perception_pkg.egg-info/top_level.txt
writing manifest file 'arena_perception_pkg.egg-info/SOURCES.txt'
reading manifest file 'arena_perception_pkg.egg-info/SOURCES.txt'
writing manifest file 'arena_perception_pkg.egg-info/SOURCES.txt'
running build_ext
Creating /home/graduate/ros2_ws/install/arena_perception_pkg/lib/python3.12/site-packages/arena-perception-pkg.egg-link (link to .)
Installing camera_processing_node script to /home/graduate/ros2_ws/install/arena_perception_pkg/lib/arena_perception_pkg
Installing lidar_processing_node script to /home/graduate/ros2_ws/install/arena_perception_pkg/lib/arena_perception_pkg

Installed /home/graduate/ros2_ws/build/arena_perception_pkg
running symlink_data
creating /home/graduate/ros2_ws/install/arena_perception_pkg/share/ament_index
creating /home/graduate/ros2_ws/install/arena_perception_pkg/share/ament_index/resource_index
creating /home/graduate/ros2_ws/install/arena_perception_pkg/share/ament_index/resource_index/packages
symbolically linking /home/graduate/ros2_ws/build/arena_perception_pkg/resource/arena_perception_pkg -> /home/graduate/ros2_ws/install/arena_perception_pkg/share/ament_index/resource_index/packages
symbolically linking /home/graduate/ros2_ws/build/arena_perception_pkg/package.xml -> /home/graduate/ros2_ws/install/arena_perception_pkg/share/arena_perception_pkg
