[0.314s] DEBUG:colcon:Command line arguments: ['/usr/bin/colcon', 'build', '--symlink-install', '--packages-select', 'arena_perception_pkg']
[0.314s] DEBUG:colcon:Parsed command line arguments: Namespace(log_base=None, log_level=None, verb_name='build', build_base='build', install_base='install', merge_install=False, symlink_install=True, test_result_base=None, continue_on_error=False, executor='parallel', parallel_workers=12, event_handlers=None, ignore_user_meta=False, metas=['./colcon.meta'], base_paths=['.'], packages_ignore=None, packages_ignore_regex=None, paths=None, packages_up_to=None, packages_up_to_regex=None, packages_above=None, packages_above_and_dependencies=None, packages_above_depth=None, packages_select_by_dep=None, packages_skip_by_dep=None, packages_skip_up_to=None, packages_select_build_failed=False, packages_skip_build_finished=False, packages_select_test_failures=False, packages_skip_test_passed=False, packages_select=['arena_perception_pkg'], packages_skip=None, packages_select_regex=None, packages_skip_regex=None, packages_start=None, packages_end=None, allow_overriding=[], cmake_args=None, cmake_target=None, cmake_target_skip_unavailable=False, cmake_clean_cache=False, cmake_clean_first=False, cmake_force_configure=False, ament_cmake_args=None, catkin_cmake_args=None, catkin_skip_building_tests=False, verb_parser=<colcon_defaults.argument_parser.defaults.DefaultArgumentsDecorator object at 0x7f6a82374170>, verb_extension=<colcon_core.verb.build.BuildVerb object at 0x7f6a824c4440>, main=<bound method BuildVerb.main of <colcon_core.verb.build.BuildVerb object at 0x7f6a824c4440>>)
[0.430s] Level 1:colcon.colcon_core.package_discovery:discover_packages(colcon_meta) check parameters
[0.431s] Level 1:colcon.colcon_core.package_discovery:discover_packages(recursive) check parameters
[0.431s] Level 1:colcon.colcon_core.package_discovery:discover_packages(ignore) check parameters
[0.431s] Level 1:colcon.colcon_core.package_discovery:discover_packages(path) check parameters
[0.431s] Level 1:colcon.colcon_core.package_discovery:discover_packages(colcon_meta) discover
[0.431s] Level 1:colcon.colcon_core.package_discovery:discover_packages(recursive) discover
[0.431s] INFO:colcon.colcon_core.package_discovery:Crawling recursively for packages in '/home/graduate/ros2_ws'
[0.431s] Level 1:colcon.colcon_core.package_identification:_identify(.) by extensions ['ignore', 'ignore_ament_install']
[0.432s] Level 1:colcon.colcon_core.package_identification:_identify(.) by extension 'ignore'
[0.432s] Level 1:colcon.colcon_core.package_identification:_identify(.) by extension 'ignore_ament_install'
[0.432s] Level 1:colcon.colcon_core.package_identification:_identify(.) by extensions ['colcon_pkg']
[0.432s] Level 1:colcon.colcon_core.package_identification:_identify(.) by extension 'colcon_pkg'
[0.432s] Level 1:colcon.colcon_core.package_identification:_identify(.) by extensions ['colcon_meta']
[0.432s] Level 1:colcon.colcon_core.package_identification:_identify(.) by extension 'colcon_meta'
[0.432s] Level 1:colcon.colcon_core.package_identification:_identify(.) by extensions ['ros']
[0.432s] Level 1:colcon.colcon_core.package_identification:_identify(.) by extension 'ros'
[0.508s] Level 1:colcon.colcon_core.package_identification:_identify(.) by extensions ['cmake', 'python']
[0.508s] Level 1:colcon.colcon_core.package_identification:_identify(.) by extension 'cmake'
[0.508s] Level 1:colcon.colcon_core.package_identification:_identify(.) by extension 'python'
[0.509s] Level 1:colcon.colcon_core.package_identification:_identify(.) by extensions ['python_setup_py']
[0.509s] Level 1:colcon.colcon_core.package_identification:_identify(.) by extension 'python_setup_py'
[0.509s] Level 1:colcon.colcon_core.package_identification:_identify(build) by extensions ['ignore', 'ignore_ament_install']
[0.509s] Level 1:colcon.colcon_core.package_identification:_identify(build) by extension 'ignore'
[0.509s] Level 1:colcon.colcon_core.package_identification:_identify(build) ignored
[0.510s] Level 1:colcon.colcon_core.package_identification:_identify(install) by extensions ['ignore', 'ignore_ament_install']
[0.510s] Level 1:colcon.colcon_core.package_identification:_identify(install) by extension 'ignore'
[0.510s] Level 1:colcon.colcon_core.package_identification:_identify(install) ignored
[0.510s] Level 1:colcon.colcon_core.package_identification:_identify(log) by extensions ['ignore', 'ignore_ament_install']
[0.510s] Level 1:colcon.colcon_core.package_identification:_identify(log) by extension 'ignore'
[0.510s] Level 1:colcon.colcon_core.package_identification:_identify(log) ignored
[0.510s] Level 1:colcon.colcon_core.package_identification:_identify(src) by extensions ['ignore', 'ignore_ament_install']
[0.511s] Level 1:colcon.colcon_core.package_identification:_identify(src) by extension 'ignore'
[0.511s] Level 1:colcon.colcon_core.package_identification:_identify(src) by extension 'ignore_ament_install'
[0.511s] Level 1:colcon.colcon_core.package_identification:_identify(src) by extensions ['colcon_pkg']
[0.511s] Level 1:colcon.colcon_core.package_identification:_identify(src) by extension 'colcon_pkg'
[0.511s] Level 1:colcon.colcon_core.package_identification:_identify(src) by extensions ['colcon_meta']
[0.511s] Level 1:colcon.colcon_core.package_identification:_identify(src) by extension 'colcon_meta'
[0.511s] Level 1:colcon.colcon_core.package_identification:_identify(src) by extensions ['ros']
[0.511s] Level 1:colcon.colcon_core.package_identification:_identify(src) by extension 'ros'
[0.511s] Level 1:colcon.colcon_core.package_identification:_identify(src) by extensions ['cmake', 'python']
[0.511s] Level 1:colcon.colcon_core.package_identification:_identify(src) by extension 'cmake'
[0.511s] Level 1:colcon.colcon_core.package_identification:_identify(src) by extension 'python'
[0.511s] Level 1:colcon.colcon_core.package_identification:_identify(src) by extensions ['python_setup_py']
[0.511s] Level 1:colcon.colcon_core.package_identification:_identify(src) by extension 'python_setup_py'
[0.512s] Level 1:colcon.colcon_core.package_identification:_identify(src/arena_perception_pkg) by extensions ['ignore', 'ignore_ament_install']
[0.512s] Level 1:colcon.colcon_core.package_identification:_identify(src/arena_perception_pkg) by extension 'ignore'
[0.512s] Level 1:colcon.colcon_core.package_identification:_identify(src/arena_perception_pkg) by extension 'ignore_ament_install'
[0.512s] Level 1:colcon.colcon_core.package_identification:_identify(src/arena_perception_pkg) by extensions ['colcon_pkg']
[0.512s] Level 1:colcon.colcon_core.package_identification:_identify(src/arena_perception_pkg) by extension 'colcon_pkg'
[0.512s] Level 1:colcon.colcon_core.package_identification:_identify(src/arena_perception_pkg) by extensions ['colcon_meta']
[0.512s] Level 1:colcon.colcon_core.package_identification:_identify(src/arena_perception_pkg) by extension 'colcon_meta'
[0.512s] Level 1:colcon.colcon_core.package_identification:_identify(src/arena_perception_pkg) by extensions ['ros']
[0.512s] Level 1:colcon.colcon_core.package_identification:_identify(src/arena_perception_pkg) by extension 'ros'
[0.519s] DEBUG:colcon.colcon_core.package_identification:Package 'src/arena_perception_pkg' with type 'ros.ament_python' and name 'arena_perception_pkg'
[0.519s] Level 1:colcon.colcon_core.package_discovery:discover_packages(recursive) using defaults
[0.519s] Level 1:colcon.colcon_core.package_discovery:discover_packages(ignore) discover
[0.519s] Level 1:colcon.colcon_core.package_discovery:discover_packages(ignore) using defaults
[0.519s] Level 1:colcon.colcon_core.package_discovery:discover_packages(path) discover
[0.519s] Level 1:colcon.colcon_core.package_discovery:discover_packages(path) using defaults
[0.568s] Level 1:colcon.colcon_core.package_discovery:discover_packages(prefix_path) check parameters
[0.568s] Level 1:colcon.colcon_core.package_discovery:discover_packages(prefix_path) discover
[0.571s] WARNING:colcon.colcon_ros.prefix_path.ament:The path '/home/graduate/ros2_ws/install/arena_perception_pkg' in the environment variable AMENT_PREFIX_PATH doesn't exist
[0.573s] DEBUG:colcon.colcon_installed_package_information.package_discovery:Found 0 installed packages in /home/graduate/ros2_ws/install
[0.576s] DEBUG:colcon.colcon_installed_package_information.package_discovery:Found 320 installed packages in /opt/ros/jazzy
[0.578s] Level 1:colcon.colcon_core.package_discovery:discover_packages(prefix_path) using defaults
[0.692s] Level 5:colcon.colcon_core.verb:set package 'arena_perception_pkg' build argument 'cmake_args' from command line to 'None'
[0.692s] Level 5:colcon.colcon_core.verb:set package 'arena_perception_pkg' build argument 'cmake_target' from command line to 'None'
[0.692s] Level 5:colcon.colcon_core.verb:set package 'arena_perception_pkg' build argument 'cmake_target_skip_unavailable' from command line to 'False'
[0.692s] Level 5:colcon.colcon_core.verb:set package 'arena_perception_pkg' build argument 'cmake_clean_cache' from command line to 'False'
[0.692s] Level 5:colcon.colcon_core.verb:set package 'arena_perception_pkg' build argument 'cmake_clean_first' from command line to 'False'
[0.692s] Level 5:colcon.colcon_core.verb:set package 'arena_perception_pkg' build argument 'cmake_force_configure' from command line to 'False'
[0.692s] Level 5:colcon.colcon_core.verb:set package 'arena_perception_pkg' build argument 'ament_cmake_args' from command line to 'None'
[0.692s] Level 5:colcon.colcon_core.verb:set package 'arena_perception_pkg' build argument 'catkin_cmake_args' from command line to 'None'
[0.693s] Level 5:colcon.colcon_core.verb:set package 'arena_perception_pkg' build argument 'catkin_skip_building_tests' from command line to 'False'
[0.693s] DEBUG:colcon.colcon_core.verb:Building package 'arena_perception_pkg' with the following arguments: {'ament_cmake_args': None, 'build_base': '/home/graduate/ros2_ws/build/arena_perception_pkg', 'catkin_cmake_args': None, 'catkin_skip_building_tests': False, 'cmake_args': None, 'cmake_clean_cache': False, 'cmake_clean_first': False, 'cmake_force_configure': False, 'cmake_target': None, 'cmake_target_skip_unavailable': False, 'install_base': '/home/graduate/ros2_ws/install/arena_perception_pkg', 'merge_install': False, 'path': '/home/graduate/ros2_ws/src/arena_perception_pkg', 'symlink_install': True, 'test_result_base': None}
[0.693s] INFO:colcon.colcon_core.executor:Executing jobs using 'parallel' executor
[0.695s] DEBUG:colcon.colcon_parallel_executor.executor.parallel:run_until_complete
[0.696s] INFO:colcon.colcon_ros.task.ament_python.build:Building ROS package in '/home/graduate/ros2_ws/src/arena_perception_pkg' with build type 'ament_python'
[0.696s] Level 1:colcon.colcon_core.shell:create_environment_hook('arena_perception_pkg', 'ament_prefix_path')
[0.701s] INFO:colcon.colcon_core.plugin_system:Skipping extension 'colcon_core.shell.bat': Not used on non-Windows systems
[0.702s] INFO:colcon.colcon_core.shell:Creating environment hook '/home/graduate/ros2_ws/install/arena_perception_pkg/share/arena_perception_pkg/hook/ament_prefix_path.ps1'
[0.703s] INFO:colcon.colcon_core.shell:Creating environment descriptor '/home/graduate/ros2_ws/install/arena_perception_pkg/share/arena_perception_pkg/hook/ament_prefix_path.dsv'
[0.706s] INFO:colcon.colcon_core.shell:Creating environment hook '/home/graduate/ros2_ws/install/arena_perception_pkg/share/arena_perception_pkg/hook/ament_prefix_path.sh'
[0.708s] INFO:colcon.colcon_core.shell:Skip shell extension 'powershell' for command environment: Not usable outside of PowerShell
[0.708s] DEBUG:colcon.colcon_core.shell:Skip shell extension 'dsv' for command environment
[1.301s] INFO:colcon.colcon_core.task.python.build:Building Python package in '/home/graduate/ros2_ws/src/arena_perception_pkg'
[1.302s] INFO:colcon.colcon_core.shell:Skip shell extension 'powershell' for command environment: Not usable outside of PowerShell
[1.302s] DEBUG:colcon.colcon_core.shell:Skip shell extension 'dsv' for command environment
[2.800s] DEBUG:colcon.colcon_core.event_handler.log_command:Invoking command in '/home/graduate/ros2_ws/build/arena_perception_pkg': DEBUGINFOD_URLS=https://debuginfod.fedoraproject.org/ PS1=📦[\u@ubuntu \W]$ PYTHONPATH=/home/graduate/ros2_ws/build/arena_perception_pkg/prefix_override:/usr/lib/python3/dist-packages/colcon_core/task/python/colcon_distutils_commands:/home/graduate/ros2_ws/install/arena_perception_pkg/lib/python3.12/site-packages:${PYTHONPATH} /usr/bin/python3 -W ignore:setup.py install is deprecated -W ignore:easy_install command is deprecated setup.py develop --editable --build-directory /home/graduate/ros2_ws/build/arena_perception_pkg/build --no-deps symlink_data
[4.375s] Level 1:colcon.colcon_core.shell:create_environment_hook('arena_perception_pkg', 'pythonpath_develop')
[4.375s] INFO:colcon.colcon_core.shell:Creating environment hook '/home/graduate/ros2_ws/build/arena_perception_pkg/share/arena_perception_pkg/hook/pythonpath_develop.ps1'
[4.377s] DEBUG:colcon.colcon_core.event_handler.log_command:Invoked command in '/home/graduate/ros2_ws/build/arena_perception_pkg' returned '0': DEBUGINFOD_URLS=https://debuginfod.fedoraproject.org/ PS1=📦[\u@ubuntu \W]$ PYTHONPATH=/home/graduate/ros2_ws/build/arena_perception_pkg/prefix_override:/usr/lib/python3/dist-packages/colcon_core/task/python/colcon_distutils_commands:/home/graduate/ros2_ws/install/arena_perception_pkg/lib/python3.12/site-packages:${PYTHONPATH} /usr/bin/python3 -W ignore:setup.py install is deprecated -W ignore:easy_install command is deprecated setup.py develop --editable --build-directory /home/graduate/ros2_ws/build/arena_perception_pkg/build --no-deps symlink_data
[4.379s] INFO:colcon.colcon_core.shell:Creating environment descriptor '/home/graduate/ros2_ws/build/arena_perception_pkg/share/arena_perception_pkg/hook/pythonpath_develop.dsv'
[4.380s] INFO:colcon.colcon_core.shell:Creating environment hook '/home/graduate/ros2_ws/build/arena_perception_pkg/share/arena_perception_pkg/hook/pythonpath_develop.sh'
[4.387s] Level 1:colcon.colcon_core.environment:checking '/home/graduate/ros2_ws/install/arena_perception_pkg' for CMake module files
[4.389s] Level 1:colcon.colcon_core.environment:checking '/home/graduate/ros2_ws/install/arena_perception_pkg' for CMake config files
[4.391s] Level 1:colcon.colcon_core.environment:checking '/home/graduate/ros2_ws/install/arena_perception_pkg/lib'
[4.391s] Level 1:colcon.colcon_core.environment:checking '/home/graduate/ros2_ws/install/arena_perception_pkg/bin'
[4.391s] Level 1:colcon.colcon_core.environment:checking '/home/graduate/ros2_ws/install/arena_perception_pkg/lib/pkgconfig/arena_perception_pkg.pc'
[4.392s] Level 1:colcon.colcon_core.environment:checking '/home/graduate/ros2_ws/install/arena_perception_pkg/lib/python3.12/site-packages'
[4.393s] Level 1:colcon.colcon_core.shell:create_environment_hook('arena_perception_pkg', 'pythonpath')
[4.393s] INFO:colcon.colcon_core.shell:Creating environment hook '/home/graduate/ros2_ws/install/arena_perception_pkg/share/arena_perception_pkg/hook/pythonpath.ps1'
[4.395s] INFO:colcon.colcon_core.shell:Creating environment descriptor '/home/graduate/ros2_ws/install/arena_perception_pkg/share/arena_perception_pkg/hook/pythonpath.dsv'
[4.395s] INFO:colcon.colcon_core.shell:Creating environment hook '/home/graduate/ros2_ws/install/arena_perception_pkg/share/arena_perception_pkg/hook/pythonpath.sh'
[4.397s] Level 1:colcon.colcon_core.environment:checking '/home/graduate/ros2_ws/install/arena_perception_pkg/bin'
[4.398s] Level 1:colcon.colcon_core.environment:create_environment_scripts_only(arena_perception_pkg)
[4.398s] INFO:colcon.colcon_core.shell:Creating package script '/home/graduate/ros2_ws/install/arena_perception_pkg/share/arena_perception_pkg/package.ps1'
[4.402s] INFO:colcon.colcon_core.shell:Creating package descriptor '/home/graduate/ros2_ws/install/arena_perception_pkg/share/arena_perception_pkg/package.dsv'
[4.403s] INFO:colcon.colcon_core.shell:Creating package script '/home/graduate/ros2_ws/install/arena_perception_pkg/share/arena_perception_pkg/package.sh'
[4.406s] INFO:colcon.colcon_core.shell:Creating package script '/home/graduate/ros2_ws/install/arena_perception_pkg/share/arena_perception_pkg/package.bash'
[4.408s] INFO:colcon.colcon_core.shell:Creating package script '/home/graduate/ros2_ws/install/arena_perception_pkg/share/arena_perception_pkg/package.zsh'
[4.409s] Level 1:colcon.colcon_core.environment:create_file_with_runtime_dependencies(/home/graduate/ros2_ws/install/arena_perception_pkg/share/colcon-core/packages/arena_perception_pkg)
[4.411s] DEBUG:colcon.colcon_parallel_executor.executor.parallel:closing loop
[4.412s] DEBUG:colcon.colcon_parallel_executor.executor.parallel:loop closed
[4.413s] DEBUG:colcon.colcon_parallel_executor.executor.parallel:run_until_complete finished with '0'
[4.413s] DEBUG:colcon.colcon_core.event_reactor:joining thread
[4.427s] INFO:colcon.colcon_core.plugin_system:Skipping extension 'colcon_notification.desktop_notification.terminal_notifier': Not used on non-Darwin systems
[4.427s] INFO:colcon.colcon_core.plugin_system:Skipping extension 'colcon_notification.desktop_notification.win32': Not used on non-Windows systems
[4.427s] INFO:colcon.colcon_notification.desktop_notification:Sending desktop notification using 'notify2'
[4.468s] DEBUG:colcon.colcon_core.event_reactor:joined thread
[4.468s] INFO:colcon.colcon_core.shell:Creating prefix script '/home/graduate/ros2_ws/install/local_setup.ps1'
[4.470s] INFO:colcon.colcon_core.shell:Creating prefix util module '/home/graduate/ros2_ws/install/_local_setup_util_ps1.py'
[4.473s] INFO:colcon.colcon_core.shell:Creating prefix chain script '/home/graduate/ros2_ws/install/setup.ps1'
[4.477s] INFO:colcon.colcon_core.shell:Creating prefix script '/home/graduate/ros2_ws/install/local_setup.sh'
[4.479s] INFO:colcon.colcon_core.shell:Creating prefix util module '/home/graduate/ros2_ws/install/_local_setup_util_sh.py'
[4.481s] INFO:colcon.colcon_core.shell:Creating prefix chain script '/home/graduate/ros2_ws/install/setup.sh'
[4.485s] INFO:colcon.colcon_core.shell:Creating prefix script '/home/graduate/ros2_ws/install/local_setup.bash'
[4.486s] INFO:colcon.colcon_core.shell:Creating prefix chain script '/home/graduate/ros2_ws/install/setup.bash'
[4.488s] INFO:colcon.colcon_core.shell:Creating prefix script '/home/graduate/ros2_ws/install/local_setup.zsh'
[4.489s] INFO:colcon.colcon_core.shell:Creating prefix chain script '/home/graduate/ros2_ws/install/setup.zsh'
